app/build/outputs/logs/manifest-merger-debug-report.txt
-- Merging decision tree log ---
manifest
ADDED from AndroidManifest.xml:17:1
	xmlns:android
		ADDED from AndroidManifest.xml:17:11
	package
		ADDED from AndroidManifest.xml:18:9
		INJECTED from AndroidManifest.xml:0:0
		INJECTED from AndroidManifest.xml:0:0
original-package
ADDED from AndroidManifest.xml:20:5
	android:name
		ADDED from AndroidManifest.xml:20:23
uses-sdk
ADDED from AndroidManifest.xml:21:5
	android:targetSdkVersion
		ADDED from AndroidManifest.xml:21:41
		INJECTED from AndroidManifest.xml:0:0
		INJECTED from AndroidManifest.xml:0:0
	android:minSdkVersion
		ADDED from AndroidManifest.xml:21:15
		INJECTED from AndroidManifest.xml:0:0
		INJECTED from AndroidManifest.xml:0:0
uses-permission#android.permission.WRITE_SETTINGS
ADDED from AndroidManifest.xml:22:5
	android:name
		ADDED from AndroidManifest.xml:22:22
uses-permission#android.permission.SYSTEM_ALERT_WINDOW
ADDED from AndroidManifest.xml:23:5
	android:name
		ADDED from AndroidManifest.xml:23:22
uses-permission#android.permission.WAKE_LOCK
ADDED from AndroidManifest.xml:24:5
	android:name
		ADDED from AndroidManifest.xml:24:22
uses-permission#android.permission.INTERNET
ADDED from AndroidManifest.xml:25:5
	android:name
		ADDED from AndroidManifest.xml:25:22
uses-permission#android.permission.READ_PHONE_STATE
ADDED from AndroidManifest.xml:26:5
	android:name
		ADDED from AndroidManifest.xml:26:22
uses-permission#android.permission.WRITE_EXTERNAL_STORAGE
ADDED from AndroidManifest.xml:27:5
	android:name
		ADDED from AndroidManifest.xml:27:22
uses-permission#android.permission.BROADCAST_STICKY
ADDED from AndroidManifest.xml:28:5
	android:name
		ADDED from AndroidManifest.xml:28:22
application
ADDED from AndroidManifest.xml:30:5
	android:label
		ADDED from AndroidManifest.xml:31:9
	android:icon
		ADDED from AndroidManifest.xml:30:18
	android:allowTaskReparenting
		ADDED from AndroidManifest.xml:33:9
	android:taskAffinity
		ADDED from AndroidManifest.xml:32:9
meta-data#android.app.default_searchable
ADDED from AndroidManifest.xml:34:9
	android:name
		ADDED from AndroidManifest.xml:35:13
	android:value
		ADDED from AndroidManifest.xml:36:13
activity#com.android.music.MusicBrowserActivity
ADDED from AndroidManifest.xml:38:9
	android:theme
		ADDED from AndroidManifest.xml:39:13
	android:exported
		ADDED from AndroidManifest.xml:40:13
	android:name
		ADDED from AndroidManifest.xml:38:19
intent-filter#android.intent.action.MAIN+android.intent.action.MUSIC_PLAYER+android.intent.category.APP_MUSIC+android.intent.category.DEFAULT+android.intent.category.LAUNCHER
ADDED from AndroidManifest.xml:42:13
action#android.intent.action.MAIN
ADDED from AndroidManifest.xml:43:17
	android:name
		ADDED from AndroidManifest.xml:43:25
action#android.intent.action.MUSIC_PLAYER
ADDED from AndroidManifest.xml:44:17
	android:name
		ADDED from AndroidManifest.xml:44:25
category#android.intent.category.DEFAULT
ADDED from AndroidManifest.xml:45:17
	android:name
		ADDED from AndroidManifest.xml:45:27
category#android.intent.category.LAUNCHER
ADDED from AndroidManifest.xml:46:17
	android:name
		ADDED from AndroidManifest.xml:46:27
category#android.intent.category.APP_MUSIC
ADDED from AndroidManifest.xml:47:17
	android:name
		ADDED from AndroidManifest.xml:47:27
receiver#com.android.music.MediaButtonIntentReceiver
ADDED from AndroidManifest.xml:50:9
	android:name
		ADDED from AndroidManifest.xml:50:19
intent-filter#android.intent.action.MEDIA_BUTTON+android.media.AUDIO_BECOMING_NOISY
ADDED from AndroidManifest.xml:51:13
action#android.intent.action.MEDIA_BUTTON
ADDED from AndroidManifest.xml:52:17
	android:name
		ADDED from AndroidManifest.xml:52:25
action#android.media.AUDIO_BECOMING_NOISY
ADDED from AndroidManifest.xml:53:17
	android:name
		ADDED from AndroidManifest.xml:53:25
activity#com.android.music.MediaPlaybackActivity
ADDED from AndroidManifest.xml:67:9
	android:label
		ADDED from AndroidManifest.xml:69:17
	android:theme
		ADDED from AndroidManifest.xml:68:17
	android:exported
		ADDED from AndroidManifest.xml:74:17
	android:clearTaskOnLaunch
		ADDED from AndroidManifest.xml:72:17
	android:excludeFromRecents
		ADDED from AndroidManifest.xml:73:17
	android:taskAffinity
		ADDED from AndroidManifest.xml:70:17
	android:name
		ADDED from AndroidManifest.xml:67:19
	android:launchMode
		ADDED from AndroidManifest.xml:71:17
intent-filter#android.intent.action.VIEW+android.intent.category.DEFAULT
ADDED from AndroidManifest.xml:75:13
action#android.intent.action.VIEW
ADDED from AndroidManifest.xml:76:17
	android:name
		ADDED from AndroidManifest.xml:76:25
data
ADDED from AndroidManifest.xml:78:17
	android:scheme
		ADDED from AndroidManifest.xml:78:23
intent-filter#android.intent.category.DEFAULT+com.android.music.PLAYBACK_VIEWER
ADDED from AndroidManifest.xml:85:13
action#com.android.music.PLAYBACK_VIEWER
ADDED from AndroidManifest.xml:86:17
	android:name
		ADDED from AndroidManifest.xml:86:25
activity#com.android.music.AudioPreview
ADDED from AndroidManifest.xml:91:9
	android:theme
		ADDED from AndroidManifest.xml:91:47
	android:exported
		ADDED from AndroidManifest.xml:93:51
	android:excludeFromRecents
		ADDED from AndroidManifest.xml:93:17
	android:taskAffinity
		ADDED from AndroidManifest.xml:92:17
	android:name
		ADDED from AndroidManifest.xml:91:19
intent-filter#android.intent.action.VIEW+android.intent.category.BROWSABLE+android.intent.category.DEFAULT
ADDED from AndroidManifest.xml:103:13
category#android.intent.category.BROWSABLE
ADDED from AndroidManifest.xml:106:17
	android:name
		ADDED from AndroidManifest.xml:106:27
activity#com.android.music.ArtistAlbumBrowserActivity
ADDED from AndroidManifest.xml:126:9
	android:exported
		ADDED from AndroidManifest.xml:126:79
	android:name
		ADDED from AndroidManifest.xml:126:19
intent-filter#android.intent.action.PICK+android.intent.category.DEFAULT
ADDED from AndroidManifest.xml:127:13
action#android.intent.action.PICK
ADDED from AndroidManifest.xml:128:17
	android:name
		ADDED from AndroidManifest.xml:128:25
activity#com.android.music.AlbumBrowserActivity
ADDED from AndroidManifest.xml:133:9
	android:exported
		ADDED from AndroidManifest.xml:133:73
	android:name
		ADDED from AndroidManifest.xml:133:19
activity#com.android.music.NowPlayingActivity
ADDED from AndroidManifest.xml:140:9
	android:exported
		ADDED from AndroidManifest.xml:140:71
	android:name
		ADDED from AndroidManifest.xml:140:19
activity#com.android.music.TrackBrowserActivity
ADDED from AndroidManifest.xml:147:9
	android:exported
		ADDED from AndroidManifest.xml:147:73
	android:name
		ADDED from AndroidManifest.xml:147:19
intent-filter#android.intent.action.EDIT+android.intent.action.PICK+android.intent.category.DEFAULT
ADDED from AndroidManifest.xml:148:13
action#android.intent.action.EDIT
ADDED from AndroidManifest.xml:149:17
	android:name
		ADDED from AndroidManifest.xml:149:25
activity#com.android.music.QueryBrowserActivity
ADDED from AndroidManifest.xml:155:9
	android:theme
		ADDED from AndroidManifest.xml:156:17
	android:exported
		ADDED from AndroidManifest.xml:157:17
	android:name
		ADDED from AndroidManifest.xml:155:19
intent-filter#android.intent.action.MEDIA_SEARCH+android.intent.action.SEARCH+android.intent.category.DEFAULT
ADDED from AndroidManifest.xml:158:13
action#android.intent.action.SEARCH
ADDED from AndroidManifest.xml:159:17
	android:name
		ADDED from AndroidManifest.xml:159:25
action#android.intent.action.MEDIA_SEARCH
ADDED from AndroidManifest.xml:160:17
	android:name
		ADDED from AndroidManifest.xml:160:25
meta-data#android.app.searchable
ADDED from AndroidManifest.xml:163:13
	android:resource
		ADDED from AndroidManifest.xml:165:17
	android:name
		ADDED from AndroidManifest.xml:164:17
activity#com.android.music.PlaylistBrowserActivity
ADDED from AndroidManifest.xml:168:9
	android:label
		ADDED from AndroidManifest.xml:169:17
	android:exported
		ADDED from AndroidManifest.xml:170:17
	android:name
		ADDED from AndroidManifest.xml:168:19
activity-alias#com.android.music.PlaylistShortcutActivity
ADDED from AndroidManifest.xml:182:9
	android:label
		ADDED from AndroidManifest.xml:184:13
	android:icon
		ADDED from AndroidManifest.xml:185:13
	android:exported
		ADDED from AndroidManifest.xml:186:13
	android:targetActivity
		ADDED from AndroidManifest.xml:183:13
	android:name
		ADDED from AndroidManifest.xml:182:25
intent-filter#android.intent.action.CREATE_SHORTCUT+android.intent.category.DEFAULT
ADDED from AndroidManifest.xml:188:13
action#android.intent.action.CREATE_SHORTCUT
ADDED from AndroidManifest.xml:189:17
	android:name
		ADDED from AndroidManifest.xml:189:25
activity#com.android.music.VideoBrowserActivity
ADDED from AndroidManifest.xml:194:9
	android:label
		ADDED from AndroidManifest.xml:196:13
	android:icon
		ADDED from AndroidManifest.xml:197:13
	android:exported
		ADDED from AndroidManifest.xml:198:13
	android:taskAffinity
		ADDED from AndroidManifest.xml:195:13
	android:name
		ADDED from AndroidManifest.xml:194:19
activity#com.android.music.MediaPickerActivity
ADDED from AndroidManifest.xml:212:9
	android:label
		ADDED from AndroidManifest.xml:213:17
	android:exported
		ADDED from AndroidManifest.xml:213:58
	android:name
		ADDED from AndroidManifest.xml:212:19
activity#com.android.music.MusicPicker
ADDED from AndroidManifest.xml:236:9
	android:label
		ADDED from AndroidManifest.xml:237:17
	android:exported
		ADDED from AndroidManifest.xml:237:60
	android:name
		ADDED from AndroidManifest.xml:236:19
intent-filter#android.intent.action.GET_CONTENT+android.intent.category.DEFAULT+android.intent.category.OPENABLE
ADDED from AndroidManifest.xml:240:13
action#android.intent.action.GET_CONTENT
ADDED from AndroidManifest.xml:241:17
	android:name
		ADDED from AndroidManifest.xml:241:25
category#android.intent.category.OPENABLE
ADDED from AndroidManifest.xml:243:17
	android:name
		ADDED from AndroidManifest.xml:243:27
intent-filter#android.intent.action.PICK+android.intent.category.DEFAULT+android.intent.category.OPENABLE
ADDED from AndroidManifest.xml:250:13
activity#com.android.music.CreatePlaylist
ADDED from AndroidManifest.xml:257:9
	android:theme
		ADDED from AndroidManifest.xml:258:13
	android:exported
		ADDED from AndroidManifest.xml:258:57
	android:name
		ADDED from AndroidManifest.xml:257:19
activity#com.android.music.RenamePlaylist
ADDED from AndroidManifest.xml:259:9
	android:theme
		ADDED from AndroidManifest.xml:260:13
	android:exported
		ADDED from AndroidManifest.xml:260:57
	android:name
		ADDED from AndroidManifest.xml:259:19
activity#com.android.music.WeekSelector
ADDED from AndroidManifest.xml:261:9
	android:theme
		ADDED from AndroidManifest.xml:262:13
	android:exported
		ADDED from AndroidManifest.xml:262:57
	android:name
		ADDED from AndroidManifest.xml:261:19
activity#com.android.music.DeleteItems
ADDED from AndroidManifest.xml:263:9
	android:theme
		ADDED from AndroidManifest.xml:264:13
	android:exported
		ADDED from AndroidManifest.xml:264:57
	android:name
		ADDED from AndroidManifest.xml:263:19
activity#com.android.music.ScanningProgress
ADDED from AndroidManifest.xml:265:9
	android:theme
		ADDED from AndroidManifest.xml:266:13
	android:exported
		ADDED from AndroidManifest.xml:266:57
	android:name
		ADDED from AndroidManifest.xml:265:19
service#com.android.music.MediaPlaybackService
ADDED from AndroidManifest.xml:267:9
	android:exported
		ADDED from AndroidManifest.xml:268:13
	android:name
		ADDED from AndroidManifest.xml:267:18
receiver#com.android.music.MediaAppWidgetProvider
ADDED from AndroidManifest.xml:270:9
	android:name
		ADDED from AndroidManifest.xml:270:19
intent-filter#android.appwidget.action.APPWIDGET_UPDATE
ADDED from AndroidManifest.xml:271:13
action#android.appwidget.action.APPWIDGET_UPDATE
ADDED from AndroidManifest.xml:272:17
	android:name
		ADDED from AndroidManifest.xml:272:25
meta-data#android.appwidget.provider
ADDED from AndroidManifest.xml:274:13
	android:resource
		ADDED from AndroidManifest.xml:274:66
	android:name
		ADDED from AndroidManifest.xml:274:24